<?xml version="1.0" encoding="UTF-8"?>
<testsuite xmlns:xsi="http://www.w3.org/2001/XMLSchema-instance" xsi:noNamespaceSchemaLocation="https://maven.apache.org/surefire/maven-surefire-plugin/xsd/surefire-test-report-3.0.xsd" version="3.0" name="hu.nye.progtech.money.MoneyTest" time="0.108" tests="8" errors="0" skipped="0" failures="0">
  <properties>
[...]
</properties>
  <testcase name="testInstanceOfMoneyShouldBeEqualToItself" classname="hu.nye.progtech.money.MoneyTest" time="0.005"/>
  <testcase name="testAddShouldConvertAdditionalMoneyAddItToCurrentValueAndReturnNewMoneyObject" classname="hu.nye.progtech.money.MoneyTest" time="0.02"/>
  <testcase name="testTwoInstancesOfMoneyWithDifferentAmountOfMoneyShouldNotBeEqual" classname="hu.nye.progtech.money.MoneyTest" time="0.005"/>
  <testcase name="testToStringShouldFormatCorrectly" classname="hu.nye.progtech.money.MoneyTest" time="0.031"/>
  <testcase name="testTwoInstancesOfMoneyWithSameCurrencyShouldReturnSameCurrency" classname="hu.nye.progtech.money.MoneyTest" time="0.004"/>
  <testcase name="testTwoInstancesOfMoneyWithSameAmountOfMoneyShouldBeEqual" classname="hu.nye.progtech.money.MoneyTest" time="0.002"/>
  <testcase name="testTwoInstancesOfMoneyShouldNotHaveTheSameHashCode" classname="hu.nye.progtech.money.MoneyTest" time="0.012"/>
  <testcase name="testInstanceOfMoneyShouldNotBeEqualToNullObjectOrDifferentClass" classname="hu.nye.progtech.money.MoneyTest" time="0.007"/>
</testsuite>